[0.018s] Invoking command in '/home/aa274/autonomy_ws/src/cs237a-labs/build/s2_basic': CMAKE_PREFIX_PATH=${CMAKE_PREFIX_PATH}:/opt/ros/humble /usr/bin/cmake /home/aa274/autonomy_ws/src/cs237a-labs/s2_basic -DCMAKE_EXPORT_COMPILE_COMMANDS=ON -DCMAKE_BUILD_TYPE=RelWithDebInfo -DAMENT_CMAKE_SYMLINK_INSTALL=1 -DCMAKE_INSTALL_PREFIX=/home/aa274/autonomy_ws/src/cs237a-labs/install/s2_basic
[0.140s] -- The C compiler identification is GNU 11.4.0
[0.243s] -- The CXX compiler identification is GNU 11.4.0
[0.263s] -- Detecting C compiler ABI info
[0.357s] -- Detecting C compiler ABI info - done
[0.368s] -- Check for working C compiler: /usr/bin/cc - skipped
[0.369s] -- Detecting C compile features
[0.370s] -- Detecting C compile features - done
[0.375s] -- Detecting CXX compiler ABI info
[0.474s] -- Detecting CXX compiler ABI info - done
[0.490s] -- Check for working CXX compiler: /usr/bin/c++ - skipped
[0.491s] -- Detecting CXX compile features
[0.491s] -- Detecting CXX compile features - done
[0.509s] -- Found ament_cmake: 1.3.10 (/opt/ros/humble/share/ament_cmake/cmake)
[0.773s] -- Found Python3: /usr/bin/python3 (found version "3.10.12") found components: Interpreter 
[0.854s] -- Override CMake install command with custom implementation using symlinks instead of copying resources
[0.905s] -- Found ament_lint_auto: 0.12.11 (/opt/ros/humble/share/ament_lint_auto/cmake)
[1.055s] -- Added test 'flake8' to check Python code syntax and style conventions
[1.056s] -- Added test 'lint_cmake' to check CMake code style
[1.057s] -- Added test 'pep257' to check Python code against some of the docstring style conventions in PEP 257
[1.059s] -- Added test 'xmllint' to check XML markup files
[1.062s] -- Configuring done
[1.067s] -- Generating done
[1.068s] [33mCMake Warning:
[1.068s]   Manually-specified variables were not used by the project:
[1.068s] 
[1.068s]     CMAKE_EXPORT_COMPILE_COMMANDS
[1.069s] 
[1.069s] [0m
[1.069s] -- Build files have been written to: /home/aa274/autonomy_ws/src/cs237a-labs/build/s2_basic
[1.074s] Invoked command in '/home/aa274/autonomy_ws/src/cs237a-labs/build/s2_basic' returned '0': CMAKE_PREFIX_PATH=${CMAKE_PREFIX_PATH}:/opt/ros/humble /usr/bin/cmake /home/aa274/autonomy_ws/src/cs237a-labs/s2_basic -DCMAKE_EXPORT_COMPILE_COMMANDS=ON -DCMAKE_BUILD_TYPE=RelWithDebInfo -DAMENT_CMAKE_SYMLINK_INSTALL=1 -DCMAKE_INSTALL_PREFIX=/home/aa274/autonomy_ws/src/cs237a-labs/install/s2_basic
[1.077s] Invoking command in '/home/aa274/autonomy_ws/src/cs237a-labs/build/s2_basic': CMAKE_PREFIX_PATH=${CMAKE_PREFIX_PATH}:/opt/ros/humble /usr/bin/cmake --build /home/aa274/autonomy_ws/src/cs237a-labs/build/s2_basic -- -j8 -l8
[1.140s] Invoked command in '/home/aa274/autonomy_ws/src/cs237a-labs/build/s2_basic' returned '0': CMAKE_PREFIX_PATH=${CMAKE_PREFIX_PATH}:/opt/ros/humble /usr/bin/cmake --build /home/aa274/autonomy_ws/src/cs237a-labs/build/s2_basic -- -j8 -l8
[1.185s] Invoking command in '/home/aa274/autonomy_ws/src/cs237a-labs/build/s2_basic': CMAKE_PREFIX_PATH=${CMAKE_PREFIX_PATH}:/opt/ros/humble /usr/bin/cmake --install /home/aa274/autonomy_ws/src/cs237a-labs/build/s2_basic
[1.195s] -- Install configuration: "RelWithDebInfo"
[1.196s] -- Execute custom install script
[1.196s] -- Symlinking: /home/aa274/autonomy_ws/src/cs237a-labs/install/s2_basic/share/ament_index/resource_index/package_run_dependencies/s2_basic
[1.207s] -- Symlinking: /home/aa274/autonomy_ws/src/cs237a-labs/install/s2_basic/share/ament_index/resource_index/parent_prefix_path/s2_basic
[1.218s] -- Symlinking: /home/aa274/autonomy_ws/src/cs237a-labs/install/s2_basic/share/s2_basic/environment/ament_prefix_path.sh
[1.232s] -- Symlinking: /home/aa274/autonomy_ws/src/cs237a-labs/install/s2_basic/share/s2_basic/environment/ament_prefix_path.dsv
[1.242s] -- Symlinking: /home/aa274/autonomy_ws/src/cs237a-labs/install/s2_basic/share/s2_basic/environment/path.sh
[1.255s] -- Symlinking: /home/aa274/autonomy_ws/src/cs237a-labs/install/s2_basic/share/s2_basic/environment/path.dsv
[1.271s] -- Symlinking: /home/aa274/autonomy_ws/src/cs237a-labs/install/s2_basic/share/s2_basic/local_setup.bash
[1.283s] -- Symlinking: /home/aa274/autonomy_ws/src/cs237a-labs/install/s2_basic/share/s2_basic/local_setup.sh
[1.299s] -- Symlinking: /home/aa274/autonomy_ws/src/cs237a-labs/install/s2_basic/share/s2_basic/local_setup.zsh
[1.313s] -- Symlinking: /home/aa274/autonomy_ws/src/cs237a-labs/install/s2_basic/share/s2_basic/local_setup.dsv
[1.325s] -- Symlinking: /home/aa274/autonomy_ws/src/cs237a-labs/install/s2_basic/share/s2_basic/package.dsv
[1.339s] -- Symlinking: /home/aa274/autonomy_ws/src/cs237a-labs/install/s2_basic/share/ament_index/resource_index/packages/s2_basic
[1.350s] -- Symlinking: /home/aa274/autonomy_ws/src/cs237a-labs/install/s2_basic/share/s2_basic/cmake/s2_basicConfig.cmake
[1.360s] -- Symlinking: /home/aa274/autonomy_ws/src/cs237a-labs/install/s2_basic/share/s2_basic/cmake/s2_basicConfig-version.cmake
[1.375s] -- Symlinking: /home/aa274/autonomy_ws/src/cs237a-labs/install/s2_basic/share/s2_basic/package.xml
[1.386s] -- Symlinking: /home/aa274/autonomy_ws/src/cs237a-labs/install/s2_basic/lib/s2_basic/constant_control.py
[1.400s] Invoked command in '/home/aa274/autonomy_ws/src/cs237a-labs/build/s2_basic' returned '0': CMAKE_PREFIX_PATH=${CMAKE_PREFIX_PATH}:/opt/ros/humble /usr/bin/cmake --install /home/aa274/autonomy_ws/src/cs237a-labs/build/s2_basic
