[0.213s] DEBUG:colcon:Command line arguments: ['/usr/bin/colcon', 'build', '--symlink-install']
[0.213s] DEBUG:colcon:Parsed command line arguments: Namespace(log_base=None, log_level=None, verb_name='build', build_base='build', install_base='install', merge_install=False, symlink_install=True, test_result_base=None, continue_on_error=False, executor='parallel', parallel_workers=8, event_handlers=None, ignore_user_meta=False, metas=['./colcon.meta'], base_paths=['.'], packages_ignore=None, packages_ignore_regex=None, paths=None, packages_up_to=None, packages_up_to_regex=None, packages_above=None, packages_above_and_dependencies=None, packages_above_depth=None, packages_select_by_dep=None, packages_skip_by_dep=None, packages_skip_up_to=None, packages_select_build_failed=False, packages_skip_build_finished=False, packages_select_test_failures=False, packages_skip_test_passed=False, packages_select=None, packages_skip=None, packages_select_regex=None, packages_skip_regex=None, packages_start=None, packages_end=None, allow_overriding=[], cmake_args=['-DCMAKE_EXPORT_COMPILE_COMMANDS=ON', '-DCMAKE_BUILD_TYPE=RelWithDebInfo'], cmake_target=None, cmake_target_skip_unavailable=False, cmake_clean_cache=False, cmake_clean_first=False, cmake_force_configure=False, ament_cmake_args=None, catkin_cmake_args=None, catkin_skip_building_tests=False, mixin_files=None, mixin=None, verb_parser=<colcon_mixin.mixin.mixin_argument.MixinArgumentDecorator object at 0x770b1bdb6500>, verb_extension=<colcon_core.verb.build.BuildVerb object at 0x770b1bdb5e70>, main=<bound method BuildVerb.main of <colcon_core.verb.build.BuildVerb object at 0x770b1bdb5e70>>, mixin_verb=('build',))
[0.700s] Level 1:colcon.colcon_core.package_discovery:discover_packages(colcon_meta) check parameters
[0.700s] Level 1:colcon.colcon_core.package_discovery:discover_packages(recursive) check parameters
[0.701s] Level 1:colcon.colcon_core.package_discovery:discover_packages(ignore) check parameters
[0.701s] Level 1:colcon.colcon_core.package_discovery:discover_packages(path) check parameters
[0.701s] Level 1:colcon.colcon_core.package_discovery:discover_packages(colcon_meta) discover
[0.701s] Level 1:colcon.colcon_core.package_discovery:discover_packages(recursive) discover
[0.701s] INFO:colcon.colcon_core.package_discovery:Crawling recursively for packages in '/home/aa274/autonomy_ws/src/cs237a-labs'
[0.701s] Level 1:colcon.colcon_core.package_identification:_identify(.) by extensions ['ignore', 'ignore_ament_install']
[0.701s] Level 1:colcon.colcon_core.package_identification:_identify(.) by extension 'ignore'
[0.701s] Level 1:colcon.colcon_core.package_identification:_identify(.) by extension 'ignore_ament_install'
[0.701s] Level 1:colcon.colcon_core.package_identification:_identify(.) by extensions ['colcon_pkg']
[0.701s] Level 1:colcon.colcon_core.package_identification:_identify(.) by extension 'colcon_pkg'
[0.701s] Level 1:colcon.colcon_core.package_identification:_identify(.) by extensions ['colcon_meta']
[0.701s] Level 1:colcon.colcon_core.package_identification:_identify(.) by extension 'colcon_meta'
[0.701s] Level 1:colcon.colcon_core.package_identification:_identify(.) by extensions ['ros']
[0.701s] Level 1:colcon.colcon_core.package_identification:_identify(.) by extension 'ros'
[0.712s] Level 1:colcon.colcon_core.package_identification:_identify(.) by extensions ['cmake', 'python']
[0.712s] Level 1:colcon.colcon_core.package_identification:_identify(.) by extension 'cmake'
[0.712s] Level 1:colcon.colcon_core.package_identification:_identify(.) by extension 'python'
[0.712s] Level 1:colcon.colcon_core.package_identification:_identify(.) by extensions ['python_setup_py']
[0.712s] Level 1:colcon.colcon_core.package_identification:_identify(.) by extension 'python_setup_py'
[0.712s] Level 1:colcon.colcon_core.package_identification:_identify(autonomy_repo) by extensions ['ignore', 'ignore_ament_install']
[0.712s] Level 1:colcon.colcon_core.package_identification:_identify(autonomy_repo) by extension 'ignore'
[0.713s] Level 1:colcon.colcon_core.package_identification:_identify(autonomy_repo) by extension 'ignore_ament_install'
[0.713s] Level 1:colcon.colcon_core.package_identification:_identify(autonomy_repo) by extensions ['colcon_pkg']
[0.713s] Level 1:colcon.colcon_core.package_identification:_identify(autonomy_repo) by extension 'colcon_pkg'
[0.713s] Level 1:colcon.colcon_core.package_identification:_identify(autonomy_repo) by extensions ['colcon_meta']
[0.713s] Level 1:colcon.colcon_core.package_identification:_identify(autonomy_repo) by extension 'colcon_meta'
[0.713s] Level 1:colcon.colcon_core.package_identification:_identify(autonomy_repo) by extensions ['ros']
[0.713s] Level 1:colcon.colcon_core.package_identification:_identify(autonomy_repo) by extension 'ros'
[0.715s] DEBUG:colcon.colcon_core.package_identification:Package 'autonomy_repo' with type 'ros.ament_cmake' and name 'autonomy_repo'
[0.715s] Level 1:colcon.colcon_core.package_identification:_identify(build) by extensions ['ignore', 'ignore_ament_install']
[0.715s] Level 1:colcon.colcon_core.package_identification:_identify(build) by extension 'ignore'
[0.715s] Level 1:colcon.colcon_core.package_identification:_identify(build) ignored
[0.716s] Level 1:colcon.colcon_core.package_identification:_identify(install) by extensions ['ignore', 'ignore_ament_install']
[0.716s] Level 1:colcon.colcon_core.package_identification:_identify(install) by extension 'ignore'
[0.716s] Level 1:colcon.colcon_core.package_identification:_identify(install) ignored
[0.716s] Level 1:colcon.colcon_core.package_identification:_identify(log) by extensions ['ignore', 'ignore_ament_install']
[0.716s] Level 1:colcon.colcon_core.package_identification:_identify(log) by extension 'ignore'
[0.716s] Level 1:colcon.colcon_core.package_identification:_identify(log) ignored
[0.716s] Level 1:colcon.colcon_core.package_identification:_identify(s2_basic) by extensions ['ignore', 'ignore_ament_install']
[0.716s] Level 1:colcon.colcon_core.package_identification:_identify(s2_basic) by extension 'ignore'
[0.716s] Level 1:colcon.colcon_core.package_identification:_identify(s2_basic) by extension 'ignore_ament_install'
[0.716s] Level 1:colcon.colcon_core.package_identification:_identify(s2_basic) by extensions ['colcon_pkg']
[0.716s] Level 1:colcon.colcon_core.package_identification:_identify(s2_basic) by extension 'colcon_pkg'
[0.716s] Level 1:colcon.colcon_core.package_identification:_identify(s2_basic) by extensions ['colcon_meta']
[0.716s] Level 1:colcon.colcon_core.package_identification:_identify(s2_basic) by extension 'colcon_meta'
[0.716s] Level 1:colcon.colcon_core.package_identification:_identify(s2_basic) by extensions ['ros']
[0.716s] Level 1:colcon.colcon_core.package_identification:_identify(s2_basic) by extension 'ros'
[0.717s] DEBUG:colcon.colcon_core.package_identification:Package 's2_basic' with type 'ros.ament_cmake' and name 's2_basic'
[0.717s] Level 1:colcon.colcon_core.package_identification:_identify(s3_basic) by extensions ['ignore', 'ignore_ament_install']
[0.717s] Level 1:colcon.colcon_core.package_identification:_identify(s3_basic) by extension 'ignore'
[0.717s] Level 1:colcon.colcon_core.package_identification:_identify(s3_basic) by extension 'ignore_ament_install'
[0.717s] Level 1:colcon.colcon_core.package_identification:_identify(s3_basic) by extensions ['colcon_pkg']
[0.717s] Level 1:colcon.colcon_core.package_identification:_identify(s3_basic) by extension 'colcon_pkg'
[0.717s] Level 1:colcon.colcon_core.package_identification:_identify(s3_basic) by extensions ['colcon_meta']
[0.717s] Level 1:colcon.colcon_core.package_identification:_identify(s3_basic) by extension 'colcon_meta'
[0.717s] Level 1:colcon.colcon_core.package_identification:_identify(s3_basic) by extensions ['ros']
[0.717s] Level 1:colcon.colcon_core.package_identification:_identify(s3_basic) by extension 'ros'
[0.718s] DEBUG:colcon.colcon_core.package_identification:Package 's3_basic' with type 'ros.ament_cmake' and name 's3_basic'
[0.718s] Level 1:colcon.colcon_core.package_discovery:discover_packages(recursive) using defaults
[0.718s] Level 1:colcon.colcon_core.package_discovery:discover_packages(ignore) discover
[0.718s] Level 1:colcon.colcon_core.package_discovery:discover_packages(ignore) using defaults
[0.718s] Level 1:colcon.colcon_core.package_discovery:discover_packages(path) discover
[0.718s] Level 1:colcon.colcon_core.package_discovery:discover_packages(path) using defaults
[0.749s] Level 1:colcon.colcon_core.package_discovery:discover_packages(prefix_path) check parameters
[0.749s] Level 1:colcon.colcon_core.package_discovery:discover_packages(prefix_path) discover
[0.752s] DEBUG:colcon.colcon_installed_package_information.package_discovery:Found 3 installed packages in /home/aa274/autonomy_ws/src/cs237a-labs/install
[0.753s] DEBUG:colcon.colcon_installed_package_information.package_discovery:Found 18 installed packages in /home/aa274/tb_ws/install
[0.755s] DEBUG:colcon.colcon_installed_package_information.package_discovery:Found 240 installed packages in /opt/ros/humble
[0.756s] Level 1:colcon.colcon_core.package_discovery:discover_packages(prefix_path) using defaults
[0.790s] Level 5:colcon.colcon_core.verb:set package 'autonomy_repo' build argument 'cmake_args' from command line to '['-DCMAKE_EXPORT_COMPILE_COMMANDS=ON', '-DCMAKE_BUILD_TYPE=RelWithDebInfo']'
[0.790s] Level 5:colcon.colcon_core.verb:set package 'autonomy_repo' build argument 'cmake_target' from command line to 'None'
[0.790s] Level 5:colcon.colcon_core.verb:set package 'autonomy_repo' build argument 'cmake_target_skip_unavailable' from command line to 'False'
[0.790s] Level 5:colcon.colcon_core.verb:set package 'autonomy_repo' build argument 'cmake_clean_cache' from command line to 'False'
[0.790s] Level 5:colcon.colcon_core.verb:set package 'autonomy_repo' build argument 'cmake_clean_first' from command line to 'False'
[0.790s] Level 5:colcon.colcon_core.verb:set package 'autonomy_repo' build argument 'cmake_force_configure' from command line to 'False'
[0.790s] Level 5:colcon.colcon_core.verb:set package 'autonomy_repo' build argument 'ament_cmake_args' from command line to 'None'
[0.790s] Level 5:colcon.colcon_core.verb:set package 'autonomy_repo' build argument 'catkin_cmake_args' from command line to 'None'
[0.790s] Level 5:colcon.colcon_core.verb:set package 'autonomy_repo' build argument 'catkin_skip_building_tests' from command line to 'False'
[0.790s] DEBUG:colcon.colcon_core.verb:Building package 'autonomy_repo' with the following arguments: {'ament_cmake_args': None, 'build_base': '/home/aa274/autonomy_ws/src/cs237a-labs/build/autonomy_repo', 'catkin_cmake_args': None, 'catkin_skip_building_tests': False, 'cmake_args': ['-DCMAKE_EXPORT_COMPILE_COMMANDS=ON', '-DCMAKE_BUILD_TYPE=RelWithDebInfo'], 'cmake_clean_cache': False, 'cmake_clean_first': False, 'cmake_force_configure': False, 'cmake_target': None, 'cmake_target_skip_unavailable': False, 'install_base': '/home/aa274/autonomy_ws/src/cs237a-labs/install/autonomy_repo', 'merge_install': False, 'path': '/home/aa274/autonomy_ws/src/cs237a-labs/autonomy_repo', 'symlink_install': True, 'test_result_base': None}
[0.791s] Level 5:colcon.colcon_core.verb:set package 's2_basic' build argument 'cmake_args' from command line to '['-DCMAKE_EXPORT_COMPILE_COMMANDS=ON', '-DCMAKE_BUILD_TYPE=RelWithDebInfo']'
[0.791s] Level 5:colcon.colcon_core.verb:set package 's2_basic' build argument 'cmake_target' from command line to 'None'
[0.791s] Level 5:colcon.colcon_core.verb:set package 's2_basic' build argument 'cmake_target_skip_unavailable' from command line to 'False'
[0.791s] Level 5:colcon.colcon_core.verb:set package 's2_basic' build argument 'cmake_clean_cache' from command line to 'False'
[0.791s] Level 5:colcon.colcon_core.verb:set package 's2_basic' build argument 'cmake_clean_first' from command line to 'False'
[0.791s] Level 5:colcon.colcon_core.verb:set package 's2_basic' build argument 'cmake_force_configure' from command line to 'False'
[0.791s] Level 5:colcon.colcon_core.verb:set package 's2_basic' build argument 'ament_cmake_args' from command line to 'None'
[0.791s] Level 5:colcon.colcon_core.verb:set package 's2_basic' build argument 'catkin_cmake_args' from command line to 'None'
[0.791s] Level 5:colcon.colcon_core.verb:set package 's2_basic' build argument 'catkin_skip_building_tests' from command line to 'False'
[0.791s] DEBUG:colcon.colcon_core.verb:Building package 's2_basic' with the following arguments: {'ament_cmake_args': None, 'build_base': '/home/aa274/autonomy_ws/src/cs237a-labs/build/s2_basic', 'catkin_cmake_args': None, 'catkin_skip_building_tests': False, 'cmake_args': ['-DCMAKE_EXPORT_COMPILE_COMMANDS=ON', '-DCMAKE_BUILD_TYPE=RelWithDebInfo'], 'cmake_clean_cache': False, 'cmake_clean_first': False, 'cmake_force_configure': False, 'cmake_target': None, 'cmake_target_skip_unavailable': False, 'install_base': '/home/aa274/autonomy_ws/src/cs237a-labs/install/s2_basic', 'merge_install': False, 'path': '/home/aa274/autonomy_ws/src/cs237a-labs/s2_basic', 'symlink_install': True, 'test_result_base': None}
[0.792s] Level 5:colcon.colcon_core.verb:set package 's3_basic' build argument 'cmake_args' from command line to '['-DCMAKE_EXPORT_COMPILE_COMMANDS=ON', '-DCMAKE_BUILD_TYPE=RelWithDebInfo']'
[0.792s] Level 5:colcon.colcon_core.verb:set package 's3_basic' build argument 'cmake_target' from command line to 'None'
[0.792s] Level 5:colcon.colcon_core.verb:set package 's3_basic' build argument 'cmake_target_skip_unavailable' from command line to 'False'
[0.792s] Level 5:colcon.colcon_core.verb:set package 's3_basic' build argument 'cmake_clean_cache' from command line to 'False'
[0.792s] Level 5:colcon.colcon_core.verb:set package 's3_basic' build argument 'cmake_clean_first' from command line to 'False'
[0.792s] Level 5:colcon.colcon_core.verb:set package 's3_basic' build argument 'cmake_force_configure' from command line to 'False'
[0.792s] Level 5:colcon.colcon_core.verb:set package 's3_basic' build argument 'ament_cmake_args' from command line to 'None'
[0.792s] Level 5:colcon.colcon_core.verb:set package 's3_basic' build argument 'catkin_cmake_args' from command line to 'None'
[0.792s] Level 5:colcon.colcon_core.verb:set package 's3_basic' build argument 'catkin_skip_building_tests' from command line to 'False'
[0.792s] DEBUG:colcon.colcon_core.verb:Building package 's3_basic' with the following arguments: {'ament_cmake_args': None, 'build_base': '/home/aa274/autonomy_ws/src/cs237a-labs/build/s3_basic', 'catkin_cmake_args': None, 'catkin_skip_building_tests': False, 'cmake_args': ['-DCMAKE_EXPORT_COMPILE_COMMANDS=ON', '-DCMAKE_BUILD_TYPE=RelWithDebInfo'], 'cmake_clean_cache': False, 'cmake_clean_first': False, 'cmake_force_configure': False, 'cmake_target': None, 'cmake_target_skip_unavailable': False, 'install_base': '/home/aa274/autonomy_ws/src/cs237a-labs/install/s3_basic', 'merge_install': False, 'path': '/home/aa274/autonomy_ws/src/cs237a-labs/s3_basic', 'symlink_install': True, 'test_result_base': None}
[0.792s] INFO:colcon.colcon_core.executor:Executing jobs using 'parallel' executor
[0.793s] DEBUG:colcon.colcon_parallel_executor.executor.parallel:run_until_complete
[0.794s] INFO:colcon.colcon_ros.task.ament_cmake.build:Building ROS package in '/home/aa274/autonomy_ws/src/cs237a-labs/autonomy_repo' with build type 'ament_cmake'
[0.794s] INFO:colcon.colcon_cmake.task.cmake.build:Building CMake package in '/home/aa274/autonomy_ws/src/cs237a-labs/autonomy_repo'
[0.797s] INFO:colcon.colcon_core.plugin_system:Skipping extension 'colcon_core.shell.bat': Not used on non-Windows systems
[0.797s] INFO:colcon.colcon_core.shell:Skip shell extension 'powershell' for command environment: Not usable outside of PowerShell
[0.798s] DEBUG:colcon.colcon_core.shell:Skip shell extension 'dsv' for command environment
[0.803s] INFO:colcon.colcon_ros.task.ament_cmake.build:Building ROS package in '/home/aa274/autonomy_ws/src/cs237a-labs/s2_basic' with build type 'ament_cmake'
[0.803s] INFO:colcon.colcon_cmake.task.cmake.build:Building CMake package in '/home/aa274/autonomy_ws/src/cs237a-labs/s2_basic'
[0.804s] INFO:colcon.colcon_core.shell:Skip shell extension 'powershell' for command environment: Not usable outside of PowerShell
[0.804s] DEBUG:colcon.colcon_core.shell:Skip shell extension 'dsv' for command environment
[0.810s] INFO:colcon.colcon_ros.task.ament_cmake.build:Building ROS package in '/home/aa274/autonomy_ws/src/cs237a-labs/s3_basic' with build type 'ament_cmake'
[0.810s] INFO:colcon.colcon_cmake.task.cmake.build:Building CMake package in '/home/aa274/autonomy_ws/src/cs237a-labs/s3_basic'
[0.811s] INFO:colcon.colcon_core.shell:Skip shell extension 'powershell' for command environment: Not usable outside of PowerShell
[0.811s] DEBUG:colcon.colcon_core.shell:Skip shell extension 'dsv' for command environment
[0.828s] DEBUG:colcon.colcon_core.event_handler.log_command:Invoking command in '/home/aa274/autonomy_ws/src/cs237a-labs/build/autonomy_repo': CMAKE_PREFIX_PATH=${CMAKE_PREFIX_PATH}:/opt/ros/humble /usr/bin/cmake --build /home/aa274/autonomy_ws/src/cs237a-labs/build/autonomy_repo -- -j8 -l8
[0.841s] DEBUG:colcon.colcon_core.event_handler.log_command:Invoking command in '/home/aa274/autonomy_ws/src/cs237a-labs/build/s2_basic': CMAKE_PREFIX_PATH=${CMAKE_PREFIX_PATH}:/opt/ros/humble /usr/bin/cmake --build /home/aa274/autonomy_ws/src/cs237a-labs/build/s2_basic -- -j8 -l8
[0.847s] DEBUG:colcon.colcon_core.event_handler.log_command:Invoking command in '/home/aa274/autonomy_ws/src/cs237a-labs/build/s3_basic': CMAKE_PREFIX_PATH=${CMAKE_PREFIX_PATH}:/opt/ros/humble /usr/bin/cmake --build /home/aa274/autonomy_ws/src/cs237a-labs/build/s3_basic -- -j8 -l8
[0.889s] DEBUG:colcon.colcon_core.event_handler.log_command:Invoked command in '/home/aa274/autonomy_ws/src/cs237a-labs/build/s2_basic' returned '0': CMAKE_PREFIX_PATH=${CMAKE_PREFIX_PATH}:/opt/ros/humble /usr/bin/cmake --build /home/aa274/autonomy_ws/src/cs237a-labs/build/s2_basic -- -j8 -l8
[0.892s] DEBUG:colcon.colcon_core.event_handler.log_command:Invoked command in '/home/aa274/autonomy_ws/src/cs237a-labs/build/s3_basic' returned '0': CMAKE_PREFIX_PATH=${CMAKE_PREFIX_PATH}:/opt/ros/humble /usr/bin/cmake --build /home/aa274/autonomy_ws/src/cs237a-labs/build/s3_basic -- -j8 -l8
[0.926s] DEBUG:colcon.colcon_core.event_handler.log_command:Invoking command in '/home/aa274/autonomy_ws/src/cs237a-labs/build/s2_basic': CMAKE_PREFIX_PATH=${CMAKE_PREFIX_PATH}:/opt/ros/humble /usr/bin/cmake --install /home/aa274/autonomy_ws/src/cs237a-labs/build/s2_basic
[0.930s] DEBUG:colcon.colcon_core.event_handler.log_command:Invoking command in '/home/aa274/autonomy_ws/src/cs237a-labs/build/s3_basic': CMAKE_PREFIX_PATH=${CMAKE_PREFIX_PATH}:/opt/ros/humble /usr/bin/cmake --install /home/aa274/autonomy_ws/src/cs237a-labs/build/s3_basic
[0.957s] Level 1:colcon.colcon_core.environment:create_environment_scripts_only(s3_basic)
[0.958s] DEBUG:colcon.colcon_core.event_handler.log_command:Invoked command in '/home/aa274/autonomy_ws/src/cs237a-labs/build/s3_basic' returned '0': CMAKE_PREFIX_PATH=${CMAKE_PREFIX_PATH}:/opt/ros/humble /usr/bin/cmake --install /home/aa274/autonomy_ws/src/cs237a-labs/build/s3_basic
[0.961s] Level 1:colcon.colcon_core.environment:checking '/home/aa274/autonomy_ws/src/cs237a-labs/install/s3_basic' for CMake module files
[0.962s] Level 1:colcon.colcon_core.environment:checking '/home/aa274/autonomy_ws/src/cs237a-labs/install/s3_basic' for CMake config files
[0.962s] Level 1:colcon.colcon_core.shell:create_environment_hook('s3_basic', 'cmake_prefix_path')
[0.962s] INFO:colcon.colcon_core.shell:Creating environment hook '/home/aa274/autonomy_ws/src/cs237a-labs/install/s3_basic/share/s3_basic/hook/cmake_prefix_path.ps1'
[0.963s] INFO:colcon.colcon_core.shell:Creating environment descriptor '/home/aa274/autonomy_ws/src/cs237a-labs/install/s3_basic/share/s3_basic/hook/cmake_prefix_path.dsv'
[0.963s] INFO:colcon.colcon_core.shell:Creating environment hook '/home/aa274/autonomy_ws/src/cs237a-labs/install/s3_basic/share/s3_basic/hook/cmake_prefix_path.sh'
[0.964s] Level 1:colcon.colcon_core.environment:checking '/home/aa274/autonomy_ws/src/cs237a-labs/install/s3_basic/lib'
[0.964s] Level 1:colcon.colcon_core.environment:checking '/home/aa274/autonomy_ws/src/cs237a-labs/install/s3_basic/bin'
[0.964s] Level 1:colcon.colcon_core.environment:checking '/home/aa274/autonomy_ws/src/cs237a-labs/install/s3_basic/lib/pkgconfig/s3_basic.pc'
[0.965s] Level 1:colcon.colcon_core.environment:checking '/home/aa274/autonomy_ws/src/cs237a-labs/install/s3_basic/lib/python3.10/site-packages'
[0.965s] Level 1:colcon.colcon_core.environment:checking '/home/aa274/autonomy_ws/src/cs237a-labs/install/s3_basic/bin'
[0.965s] INFO:colcon.colcon_core.shell:Creating package script '/home/aa274/autonomy_ws/src/cs237a-labs/install/s3_basic/share/s3_basic/package.ps1'
[0.966s] INFO:colcon.colcon_core.shell:Creating package descriptor '/home/aa274/autonomy_ws/src/cs237a-labs/install/s3_basic/share/s3_basic/package.dsv'
[0.967s] INFO:colcon.colcon_core.shell:Creating package script '/home/aa274/autonomy_ws/src/cs237a-labs/install/s3_basic/share/s3_basic/package.sh'
[0.967s] INFO:colcon.colcon_core.shell:Creating package script '/home/aa274/autonomy_ws/src/cs237a-labs/install/s3_basic/share/s3_basic/package.bash'
[0.969s] INFO:colcon.colcon_core.shell:Creating package script '/home/aa274/autonomy_ws/src/cs237a-labs/install/s3_basic/share/s3_basic/package.zsh'
[0.970s] Level 1:colcon.colcon_core.environment:create_file_with_runtime_dependencies(/home/aa274/autonomy_ws/src/cs237a-labs/install/s3_basic/share/colcon-core/packages/s3_basic)
[0.971s] Level 1:colcon.colcon_core.environment:create_environment_scripts_only(s2_basic)
[0.971s] Level 1:colcon.colcon_core.environment:checking '/home/aa274/autonomy_ws/src/cs237a-labs/install/s2_basic' for CMake module files
[0.972s] DEBUG:colcon.colcon_core.event_handler.log_command:Invoked command in '/home/aa274/autonomy_ws/src/cs237a-labs/build/s2_basic' returned '0': CMAKE_PREFIX_PATH=${CMAKE_PREFIX_PATH}:/opt/ros/humble /usr/bin/cmake --install /home/aa274/autonomy_ws/src/cs237a-labs/build/s2_basic
[0.972s] Level 1:colcon.colcon_core.environment:checking '/home/aa274/autonomy_ws/src/cs237a-labs/install/s2_basic' for CMake config files
[0.973s] Level 1:colcon.colcon_core.shell:create_environment_hook('s2_basic', 'cmake_prefix_path')
[0.973s] INFO:colcon.colcon_core.shell:Creating environment hook '/home/aa274/autonomy_ws/src/cs237a-labs/install/s2_basic/share/s2_basic/hook/cmake_prefix_path.ps1'
[0.974s] INFO:colcon.colcon_core.shell:Creating environment descriptor '/home/aa274/autonomy_ws/src/cs237a-labs/install/s2_basic/share/s2_basic/hook/cmake_prefix_path.dsv'
[0.974s] INFO:colcon.colcon_core.shell:Creating environment hook '/home/aa274/autonomy_ws/src/cs237a-labs/install/s2_basic/share/s2_basic/hook/cmake_prefix_path.sh'
[0.975s] Level 1:colcon.colcon_core.environment:checking '/home/aa274/autonomy_ws/src/cs237a-labs/install/s2_basic/lib'
[0.975s] Level 1:colcon.colcon_core.environment:checking '/home/aa274/autonomy_ws/src/cs237a-labs/install/s2_basic/bin'
[0.975s] Level 1:colcon.colcon_core.environment:checking '/home/aa274/autonomy_ws/src/cs237a-labs/install/s2_basic/lib/pkgconfig/s2_basic.pc'
[0.975s] Level 1:colcon.colcon_core.environment:checking '/home/aa274/autonomy_ws/src/cs237a-labs/install/s2_basic/lib/python3.10/site-packages'
[0.975s] Level 1:colcon.colcon_core.environment:checking '/home/aa274/autonomy_ws/src/cs237a-labs/install/s2_basic/bin'
[0.976s] INFO:colcon.colcon_core.shell:Creating package script '/home/aa274/autonomy_ws/src/cs237a-labs/install/s2_basic/share/s2_basic/package.ps1'
[0.976s] INFO:colcon.colcon_core.shell:Creating package descriptor '/home/aa274/autonomy_ws/src/cs237a-labs/install/s2_basic/share/s2_basic/package.dsv'
[0.977s] INFO:colcon.colcon_core.shell:Creating package script '/home/aa274/autonomy_ws/src/cs237a-labs/install/s2_basic/share/s2_basic/package.sh'
[0.977s] INFO:colcon.colcon_core.shell:Creating package script '/home/aa274/autonomy_ws/src/cs237a-labs/install/s2_basic/share/s2_basic/package.bash'
[0.977s] INFO:colcon.colcon_core.shell:Creating package script '/home/aa274/autonomy_ws/src/cs237a-labs/install/s2_basic/share/s2_basic/package.zsh'
[0.978s] Level 1:colcon.colcon_core.environment:create_file_with_runtime_dependencies(/home/aa274/autonomy_ws/src/cs237a-labs/install/s2_basic/share/colcon-core/packages/s2_basic)
[0.992s] Level 1:colcon.colcon_core.environment:create_environment_scripts_only(s3_basic)
[0.993s] Level 1:colcon.colcon_core.environment:checking '/home/aa274/autonomy_ws/src/cs237a-labs/install/s3_basic' for CMake module files
[0.993s] Level 1:colcon.colcon_core.environment:checking '/home/aa274/autonomy_ws/src/cs237a-labs/install/s3_basic' for CMake config files
[0.994s] Level 1:colcon.colcon_core.shell:create_environment_hook('s3_basic', 'cmake_prefix_path')
[0.994s] INFO:colcon.colcon_core.shell:Creating environment hook '/home/aa274/autonomy_ws/src/cs237a-labs/install/s3_basic/share/s3_basic/hook/cmake_prefix_path.ps1'
[0.994s] INFO:colcon.colcon_core.shell:Creating environment descriptor '/home/aa274/autonomy_ws/src/cs237a-labs/install/s3_basic/share/s3_basic/hook/cmake_prefix_path.dsv'
[0.995s] INFO:colcon.colcon_core.shell:Creating environment hook '/home/aa274/autonomy_ws/src/cs237a-labs/install/s3_basic/share/s3_basic/hook/cmake_prefix_path.sh'
[0.996s] Level 1:colcon.colcon_core.environment:checking '/home/aa274/autonomy_ws/src/cs237a-labs/install/s3_basic/lib'
[0.996s] Level 1:colcon.colcon_core.environment:checking '/home/aa274/autonomy_ws/src/cs237a-labs/install/s3_basic/bin'
[0.996s] Level 1:colcon.colcon_core.environment:checking '/home/aa274/autonomy_ws/src/cs237a-labs/install/s3_basic/lib/pkgconfig/s3_basic.pc'
[0.996s] Level 1:colcon.colcon_core.environment:checking '/home/aa274/autonomy_ws/src/cs237a-labs/install/s3_basic/lib/python3.10/site-packages'
[0.996s] Level 1:colcon.colcon_core.environment:checking '/home/aa274/autonomy_ws/src/cs237a-labs/install/s3_basic/bin'
[0.997s] INFO:colcon.colcon_core.shell:Creating package script '/home/aa274/autonomy_ws/src/cs237a-labs/install/s3_basic/share/s3_basic/package.ps1'
[0.997s] INFO:colcon.colcon_core.shell:Creating package descriptor '/home/aa274/autonomy_ws/src/cs237a-labs/install/s3_basic/share/s3_basic/package.dsv'
[0.998s] INFO:colcon.colcon_core.shell:Creating package script '/home/aa274/autonomy_ws/src/cs237a-labs/install/s3_basic/share/s3_basic/package.sh'
[0.998s] INFO:colcon.colcon_core.shell:Creating package script '/home/aa274/autonomy_ws/src/cs237a-labs/install/s3_basic/share/s3_basic/package.bash'
[0.999s] INFO:colcon.colcon_core.shell:Creating package script '/home/aa274/autonomy_ws/src/cs237a-labs/install/s3_basic/share/s3_basic/package.zsh'
[0.999s] Level 1:colcon.colcon_core.environment:create_file_with_runtime_dependencies(/home/aa274/autonomy_ws/src/cs237a-labs/install/s3_basic/share/colcon-core/packages/s3_basic)
[1.002s] Level 1:colcon.colcon_core.environment:create_environment_scripts_only(s2_basic)
[1.002s] Level 1:colcon.colcon_core.environment:checking '/home/aa274/autonomy_ws/src/cs237a-labs/install/s2_basic' for CMake module files
[1.002s] Level 1:colcon.colcon_core.environment:checking '/home/aa274/autonomy_ws/src/cs237a-labs/install/s2_basic' for CMake config files
[1.003s] Level 1:colcon.colcon_core.shell:create_environment_hook('s2_basic', 'cmake_prefix_path')
[1.003s] INFO:colcon.colcon_core.shell:Creating environment hook '/home/aa274/autonomy_ws/src/cs237a-labs/install/s2_basic/share/s2_basic/hook/cmake_prefix_path.ps1'
[1.003s] INFO:colcon.colcon_core.shell:Creating environment descriptor '/home/aa274/autonomy_ws/src/cs237a-labs/install/s2_basic/share/s2_basic/hook/cmake_prefix_path.dsv'
[1.004s] INFO:colcon.colcon_core.shell:Creating environment hook '/home/aa274/autonomy_ws/src/cs237a-labs/install/s2_basic/share/s2_basic/hook/cmake_prefix_path.sh'
[1.004s] Level 1:colcon.colcon_core.environment:checking '/home/aa274/autonomy_ws/src/cs237a-labs/install/s2_basic/lib'
[1.004s] Level 1:colcon.colcon_core.environment:checking '/home/aa274/autonomy_ws/src/cs237a-labs/install/s2_basic/bin'
[1.004s] Level 1:colcon.colcon_core.environment:checking '/home/aa274/autonomy_ws/src/cs237a-labs/install/s2_basic/lib/pkgconfig/s2_basic.pc'
[1.005s] Level 1:colcon.colcon_core.environment:checking '/home/aa274/autonomy_ws/src/cs237a-labs/install/s2_basic/lib/python3.10/site-packages'
[1.005s] Level 1:colcon.colcon_core.environment:checking '/home/aa274/autonomy_ws/src/cs237a-labs/install/s2_basic/bin'
[1.006s] INFO:colcon.colcon_core.shell:Creating package script '/home/aa274/autonomy_ws/src/cs237a-labs/install/s2_basic/share/s2_basic/package.ps1'
[1.007s] INFO:colcon.colcon_core.shell:Creating package descriptor '/home/aa274/autonomy_ws/src/cs237a-labs/install/s2_basic/share/s2_basic/package.dsv'
[1.008s] INFO:colcon.colcon_core.shell:Creating package script '/home/aa274/autonomy_ws/src/cs237a-labs/install/s2_basic/share/s2_basic/package.sh'
[1.009s] INFO:colcon.colcon_core.shell:Creating package script '/home/aa274/autonomy_ws/src/cs237a-labs/install/s2_basic/share/s2_basic/package.bash'
[1.009s] INFO:colcon.colcon_core.shell:Creating package script '/home/aa274/autonomy_ws/src/cs237a-labs/install/s2_basic/share/s2_basic/package.zsh'
[1.010s] Level 1:colcon.colcon_core.environment:create_file_with_runtime_dependencies(/home/aa274/autonomy_ws/src/cs237a-labs/install/s2_basic/share/colcon-core/packages/s2_basic)
[1.164s] DEBUG:colcon.colcon_core.event_handler.log_command:Invoked command in '/home/aa274/autonomy_ws/src/cs237a-labs/build/autonomy_repo' returned '0': CMAKE_PREFIX_PATH=${CMAKE_PREFIX_PATH}:/opt/ros/humble /usr/bin/cmake --build /home/aa274/autonomy_ws/src/cs237a-labs/build/autonomy_repo -- -j8 -l8
[1.187s] DEBUG:colcon.colcon_core.event_handler.log_command:Invoking command in '/home/aa274/autonomy_ws/src/cs237a-labs/build/autonomy_repo': CMAKE_PREFIX_PATH=${CMAKE_PREFIX_PATH}:/opt/ros/humble /usr/bin/cmake --install /home/aa274/autonomy_ws/src/cs237a-labs/build/autonomy_repo
[1.222s] Level 1:colcon.colcon_core.environment:create_environment_scripts_only(autonomy_repo)
[1.223s] DEBUG:colcon.colcon_core.event_handler.log_command:Invoked command in '/home/aa274/autonomy_ws/src/cs237a-labs/build/autonomy_repo' returned '0': CMAKE_PREFIX_PATH=${CMAKE_PREFIX_PATH}:/opt/ros/humble /usr/bin/cmake --install /home/aa274/autonomy_ws/src/cs237a-labs/build/autonomy_repo
[1.223s] Level 1:colcon.colcon_core.environment:checking '/home/aa274/autonomy_ws/src/cs237a-labs/install/autonomy_repo' for CMake module files
[1.224s] Level 1:colcon.colcon_core.environment:checking '/home/aa274/autonomy_ws/src/cs237a-labs/install/autonomy_repo' for CMake config files
[1.224s] Level 1:colcon.colcon_core.shell:create_environment_hook('autonomy_repo', 'cmake_prefix_path')
[1.224s] INFO:colcon.colcon_core.shell:Creating environment hook '/home/aa274/autonomy_ws/src/cs237a-labs/install/autonomy_repo/share/autonomy_repo/hook/cmake_prefix_path.ps1'
[1.225s] INFO:colcon.colcon_core.shell:Creating environment descriptor '/home/aa274/autonomy_ws/src/cs237a-labs/install/autonomy_repo/share/autonomy_repo/hook/cmake_prefix_path.dsv'
[1.226s] INFO:colcon.colcon_core.shell:Creating environment hook '/home/aa274/autonomy_ws/src/cs237a-labs/install/autonomy_repo/share/autonomy_repo/hook/cmake_prefix_path.sh'
[1.226s] Level 1:colcon.colcon_core.environment:checking '/home/aa274/autonomy_ws/src/cs237a-labs/install/autonomy_repo/lib'
[1.226s] Level 1:colcon.colcon_core.environment:checking '/home/aa274/autonomy_ws/src/cs237a-labs/install/autonomy_repo/bin'
[1.226s] Level 1:colcon.colcon_core.environment:checking '/home/aa274/autonomy_ws/src/cs237a-labs/install/autonomy_repo/lib/pkgconfig/autonomy_repo.pc'
[1.227s] Level 1:colcon.colcon_core.environment:checking '/home/aa274/autonomy_ws/src/cs237a-labs/install/autonomy_repo/lib/python3.10/site-packages'
[1.227s] Level 1:colcon.colcon_core.environment:checking '/home/aa274/autonomy_ws/src/cs237a-labs/install/autonomy_repo/bin'
[1.227s] INFO:colcon.colcon_core.shell:Creating package script '/home/aa274/autonomy_ws/src/cs237a-labs/install/autonomy_repo/share/autonomy_repo/package.ps1'
[1.228s] INFO:colcon.colcon_core.shell:Creating package descriptor '/home/aa274/autonomy_ws/src/cs237a-labs/install/autonomy_repo/share/autonomy_repo/package.dsv'
[1.229s] INFO:colcon.colcon_core.shell:Creating package script '/home/aa274/autonomy_ws/src/cs237a-labs/install/autonomy_repo/share/autonomy_repo/package.sh'
[1.230s] INFO:colcon.colcon_core.shell:Creating package script '/home/aa274/autonomy_ws/src/cs237a-labs/install/autonomy_repo/share/autonomy_repo/package.bash'
[1.230s] INFO:colcon.colcon_core.shell:Creating package script '/home/aa274/autonomy_ws/src/cs237a-labs/install/autonomy_repo/share/autonomy_repo/package.zsh'
[1.230s] Level 1:colcon.colcon_core.environment:create_file_with_runtime_dependencies(/home/aa274/autonomy_ws/src/cs237a-labs/install/autonomy_repo/share/colcon-core/packages/autonomy_repo)
[1.251s] Level 1:colcon.colcon_core.environment:create_environment_scripts_only(autonomy_repo)
[1.251s] Level 1:colcon.colcon_core.environment:checking '/home/aa274/autonomy_ws/src/cs237a-labs/install/autonomy_repo' for CMake module files
[1.252s] Level 1:colcon.colcon_core.environment:checking '/home/aa274/autonomy_ws/src/cs237a-labs/install/autonomy_repo' for CMake config files
[1.252s] Level 1:colcon.colcon_core.shell:create_environment_hook('autonomy_repo', 'cmake_prefix_path')
[1.252s] INFO:colcon.colcon_core.shell:Creating environment hook '/home/aa274/autonomy_ws/src/cs237a-labs/install/autonomy_repo/share/autonomy_repo/hook/cmake_prefix_path.ps1'
[1.253s] INFO:colcon.colcon_core.shell:Creating environment descriptor '/home/aa274/autonomy_ws/src/cs237a-labs/install/autonomy_repo/share/autonomy_repo/hook/cmake_prefix_path.dsv'
[1.253s] INFO:colcon.colcon_core.shell:Creating environment hook '/home/aa274/autonomy_ws/src/cs237a-labs/install/autonomy_repo/share/autonomy_repo/hook/cmake_prefix_path.sh'
[1.254s] Level 1:colcon.colcon_core.environment:checking '/home/aa274/autonomy_ws/src/cs237a-labs/install/autonomy_repo/lib'
[1.254s] Level 1:colcon.colcon_core.environment:checking '/home/aa274/autonomy_ws/src/cs237a-labs/install/autonomy_repo/bin'
[1.254s] Level 1:colcon.colcon_core.environment:checking '/home/aa274/autonomy_ws/src/cs237a-labs/install/autonomy_repo/lib/pkgconfig/autonomy_repo.pc'
[1.254s] Level 1:colcon.colcon_core.environment:checking '/home/aa274/autonomy_ws/src/cs237a-labs/install/autonomy_repo/lib/python3.10/site-packages'
[1.254s] Level 1:colcon.colcon_core.environment:checking '/home/aa274/autonomy_ws/src/cs237a-labs/install/autonomy_repo/bin'
[1.255s] INFO:colcon.colcon_core.shell:Creating package script '/home/aa274/autonomy_ws/src/cs237a-labs/install/autonomy_repo/share/autonomy_repo/package.ps1'
[1.255s] INFO:colcon.colcon_core.shell:Creating package descriptor '/home/aa274/autonomy_ws/src/cs237a-labs/install/autonomy_repo/share/autonomy_repo/package.dsv'
[1.256s] INFO:colcon.colcon_core.shell:Creating package script '/home/aa274/autonomy_ws/src/cs237a-labs/install/autonomy_repo/share/autonomy_repo/package.sh'
[1.256s] INFO:colcon.colcon_core.shell:Creating package script '/home/aa274/autonomy_ws/src/cs237a-labs/install/autonomy_repo/share/autonomy_repo/package.bash'
[1.257s] INFO:colcon.colcon_core.shell:Creating package script '/home/aa274/autonomy_ws/src/cs237a-labs/install/autonomy_repo/share/autonomy_repo/package.zsh'
[1.257s] Level 1:colcon.colcon_core.environment:create_file_with_runtime_dependencies(/home/aa274/autonomy_ws/src/cs237a-labs/install/autonomy_repo/share/colcon-core/packages/autonomy_repo)
[1.257s] DEBUG:colcon.colcon_parallel_executor.executor.parallel:closing loop
[1.258s] DEBUG:colcon.colcon_parallel_executor.executor.parallel:loop closed
[1.258s] DEBUG:colcon.colcon_parallel_executor.executor.parallel:run_until_complete finished with '0'
[1.258s] DEBUG:colcon.colcon_core.event_reactor:joining thread
[1.267s] INFO:colcon.colcon_core.plugin_system:Skipping extension 'colcon_notification.desktop_notification.terminal_notifier': Not used on non-Darwin systems
[1.267s] INFO:colcon.colcon_core.plugin_system:Skipping extension 'colcon_notification.desktop_notification.win32': Not used on non-Windows systems
[1.267s] INFO:colcon.colcon_notification.desktop_notification:Sending desktop notification using 'notify2'
[1.283s] DEBUG:colcon.colcon_core.event_reactor:joined thread
[1.284s] INFO:colcon.colcon_core.shell:Creating prefix script '/home/aa274/autonomy_ws/src/cs237a-labs/install/local_setup.ps1'
[1.285s] INFO:colcon.colcon_core.shell:Creating prefix util module '/home/aa274/autonomy_ws/src/cs237a-labs/install/_local_setup_util_ps1.py'
[1.286s] INFO:colcon.colcon_core.shell:Creating prefix chain script '/home/aa274/autonomy_ws/src/cs237a-labs/install/setup.ps1'
[1.288s] INFO:colcon.colcon_core.shell:Creating prefix script '/home/aa274/autonomy_ws/src/cs237a-labs/install/local_setup.sh'
[1.289s] INFO:colcon.colcon_core.shell:Creating prefix util module '/home/aa274/autonomy_ws/src/cs237a-labs/install/_local_setup_util_sh.py'
[1.289s] INFO:colcon.colcon_core.shell:Creating prefix chain script '/home/aa274/autonomy_ws/src/cs237a-labs/install/setup.sh'
[1.291s] INFO:colcon.colcon_core.shell:Creating prefix script '/home/aa274/autonomy_ws/src/cs237a-labs/install/local_setup.bash'
[1.292s] INFO:colcon.colcon_core.shell:Creating prefix chain script '/home/aa274/autonomy_ws/src/cs237a-labs/install/setup.bash'
[1.293s] INFO:colcon.colcon_core.shell:Creating prefix script '/home/aa274/autonomy_ws/src/cs237a-labs/install/local_setup.zsh'
[1.294s] INFO:colcon.colcon_core.shell:Creating prefix chain script '/home/aa274/autonomy_ws/src/cs237a-labs/install/setup.zsh'
