[0.119s] DEBUG:colcon:Command line arguments: ['/usr/bin/colcon', 'build', '--symlink-install']
[0.119s] DEBUG:colcon:Parsed command line arguments: Namespace(log_base=None, log_level=None, verb_name='build', build_base='build', install_base='install', merge_install=False, symlink_install=True, test_result_base=None, continue_on_error=False, executor='parallel', parallel_workers=8, event_handlers=None, ignore_user_meta=False, metas=['./colcon.meta'], base_paths=['.'], packages_ignore=None, packages_ignore_regex=None, paths=None, packages_up_to=None, packages_up_to_regex=None, packages_above=None, packages_above_and_dependencies=None, packages_above_depth=None, packages_select_by_dep=None, packages_skip_by_dep=None, packages_skip_up_to=None, packages_select_build_failed=False, packages_skip_build_finished=False, packages_select_test_failures=False, packages_skip_test_passed=False, packages_select=None, packages_skip=None, packages_select_regex=None, packages_skip_regex=None, packages_start=None, packages_end=None, allow_overriding=[], cmake_args=['-DCMAKE_EXPORT_COMPILE_COMMANDS=ON', '-DCMAKE_BUILD_TYPE=RelWithDebInfo'], cmake_target=None, cmake_target_skip_unavailable=False, cmake_clean_cache=False, cmake_clean_first=False, cmake_force_configure=False, ament_cmake_args=None, catkin_cmake_args=None, catkin_skip_building_tests=False, mixin_files=None, mixin=None, verb_parser=<colcon_mixin.mixin.mixin_argument.MixinArgumentDecorator object at 0x7015a360a500>, verb_extension=<colcon_core.verb.build.BuildVerb object at 0x7015a3609e70>, main=<bound method BuildVerb.main of <colcon_core.verb.build.BuildVerb object at 0x7015a3609e70>>, mixin_verb=('build',))
[0.317s] Level 1:colcon.colcon_core.package_discovery:discover_packages(colcon_meta) check parameters
[0.317s] Level 1:colcon.colcon_core.package_discovery:discover_packages(recursive) check parameters
[0.317s] Level 1:colcon.colcon_core.package_discovery:discover_packages(ignore) check parameters
[0.317s] Level 1:colcon.colcon_core.package_discovery:discover_packages(path) check parameters
[0.317s] Level 1:colcon.colcon_core.package_discovery:discover_packages(colcon_meta) discover
[0.318s] Level 1:colcon.colcon_core.package_discovery:discover_packages(recursive) discover
[0.318s] INFO:colcon.colcon_core.package_discovery:Crawling recursively for packages in '/home/aa274/autonomy_ws/src/cs237a-labs'
[0.318s] Level 1:colcon.colcon_core.package_identification:_identify(.) by extensions ['ignore', 'ignore_ament_install']
[0.318s] Level 1:colcon.colcon_core.package_identification:_identify(.) by extension 'ignore'
[0.318s] Level 1:colcon.colcon_core.package_identification:_identify(.) by extension 'ignore_ament_install'
[0.318s] Level 1:colcon.colcon_core.package_identification:_identify(.) by extensions ['colcon_pkg']
[0.318s] Level 1:colcon.colcon_core.package_identification:_identify(.) by extension 'colcon_pkg'
[0.318s] Level 1:colcon.colcon_core.package_identification:_identify(.) by extensions ['colcon_meta']
[0.318s] Level 1:colcon.colcon_core.package_identification:_identify(.) by extension 'colcon_meta'
[0.318s] Level 1:colcon.colcon_core.package_identification:_identify(.) by extensions ['ros']
[0.318s] Level 1:colcon.colcon_core.package_identification:_identify(.) by extension 'ros'
[0.330s] Level 1:colcon.colcon_core.package_identification:_identify(.) by extensions ['cmake', 'python']
[0.330s] Level 1:colcon.colcon_core.package_identification:_identify(.) by extension 'cmake'
[0.330s] Level 1:colcon.colcon_core.package_identification:_identify(.) by extension 'python'
[0.330s] Level 1:colcon.colcon_core.package_identification:_identify(.) by extensions ['python_setup_py']
[0.330s] Level 1:colcon.colcon_core.package_identification:_identify(.) by extension 'python_setup_py'
[0.330s] Level 1:colcon.colcon_core.package_identification:_identify(autonomy_repo) by extensions ['ignore', 'ignore_ament_install']
[0.330s] Level 1:colcon.colcon_core.package_identification:_identify(autonomy_repo) by extension 'ignore'
[0.330s] Level 1:colcon.colcon_core.package_identification:_identify(autonomy_repo) by extension 'ignore_ament_install'
[0.330s] Level 1:colcon.colcon_core.package_identification:_identify(autonomy_repo) by extensions ['colcon_pkg']
[0.330s] Level 1:colcon.colcon_core.package_identification:_identify(autonomy_repo) by extension 'colcon_pkg'
[0.330s] Level 1:colcon.colcon_core.package_identification:_identify(autonomy_repo) by extensions ['colcon_meta']
[0.330s] Level 1:colcon.colcon_core.package_identification:_identify(autonomy_repo) by extension 'colcon_meta'
[0.331s] Level 1:colcon.colcon_core.package_identification:_identify(autonomy_repo) by extensions ['ros']
[0.331s] Level 1:colcon.colcon_core.package_identification:_identify(autonomy_repo) by extension 'ros'
[0.333s] DEBUG:colcon.colcon_core.package_identification:Package 'autonomy_repo' with type 'ros.ament_cmake' and name 'autonomy_repo'
[0.333s] Level 1:colcon.colcon_core.package_identification:_identify(build) by extensions ['ignore', 'ignore_ament_install']
[0.333s] Level 1:colcon.colcon_core.package_identification:_identify(build) by extension 'ignore'
[0.333s] Level 1:colcon.colcon_core.package_identification:_identify(build) ignored
[0.333s] Level 1:colcon.colcon_core.package_identification:_identify(install) by extensions ['ignore', 'ignore_ament_install']
[0.334s] Level 1:colcon.colcon_core.package_identification:_identify(install) by extension 'ignore'
[0.334s] Level 1:colcon.colcon_core.package_identification:_identify(install) ignored
[0.334s] Level 1:colcon.colcon_core.package_identification:_identify(log) by extensions ['ignore', 'ignore_ament_install']
[0.334s] Level 1:colcon.colcon_core.package_identification:_identify(log) by extension 'ignore'
[0.334s] Level 1:colcon.colcon_core.package_identification:_identify(log) ignored
[0.334s] Level 1:colcon.colcon_core.package_identification:_identify(s2_basic) by extensions ['ignore', 'ignore_ament_install']
[0.334s] Level 1:colcon.colcon_core.package_identification:_identify(s2_basic) by extension 'ignore'
[0.334s] Level 1:colcon.colcon_core.package_identification:_identify(s2_basic) by extension 'ignore_ament_install'
[0.334s] Level 1:colcon.colcon_core.package_identification:_identify(s2_basic) by extensions ['colcon_pkg']
[0.334s] Level 1:colcon.colcon_core.package_identification:_identify(s2_basic) by extension 'colcon_pkg'
[0.334s] Level 1:colcon.colcon_core.package_identification:_identify(s2_basic) by extensions ['colcon_meta']
[0.334s] Level 1:colcon.colcon_core.package_identification:_identify(s2_basic) by extension 'colcon_meta'
[0.334s] Level 1:colcon.colcon_core.package_identification:_identify(s2_basic) by extensions ['ros']
[0.334s] Level 1:colcon.colcon_core.package_identification:_identify(s2_basic) by extension 'ros'
[0.335s] DEBUG:colcon.colcon_core.package_identification:Package 's2_basic' with type 'ros.ament_cmake' and name 's2_basic'
[0.335s] Level 1:colcon.colcon_core.package_identification:_identify(s3_basic) by extensions ['ignore', 'ignore_ament_install']
[0.335s] Level 1:colcon.colcon_core.package_identification:_identify(s3_basic) by extension 'ignore'
[0.335s] Level 1:colcon.colcon_core.package_identification:_identify(s3_basic) by extension 'ignore_ament_install'
[0.335s] Level 1:colcon.colcon_core.package_identification:_identify(s3_basic) by extensions ['colcon_pkg']
[0.335s] Level 1:colcon.colcon_core.package_identification:_identify(s3_basic) by extension 'colcon_pkg'
[0.335s] Level 1:colcon.colcon_core.package_identification:_identify(s3_basic) by extensions ['colcon_meta']
[0.335s] Level 1:colcon.colcon_core.package_identification:_identify(s3_basic) by extension 'colcon_meta'
[0.335s] Level 1:colcon.colcon_core.package_identification:_identify(s3_basic) by extensions ['ros']
[0.335s] Level 1:colcon.colcon_core.package_identification:_identify(s3_basic) by extension 'ros'
[0.336s] DEBUG:colcon.colcon_core.package_identification:Package 's3_basic' with type 'ros.ament_cmake' and name 's3_basic'
[0.336s] Level 1:colcon.colcon_core.package_discovery:discover_packages(recursive) using defaults
[0.336s] Level 1:colcon.colcon_core.package_discovery:discover_packages(ignore) discover
[0.336s] Level 1:colcon.colcon_core.package_discovery:discover_packages(ignore) using defaults
[0.336s] Level 1:colcon.colcon_core.package_discovery:discover_packages(path) discover
[0.336s] Level 1:colcon.colcon_core.package_discovery:discover_packages(path) using defaults
[0.370s] Level 1:colcon.colcon_core.package_discovery:discover_packages(prefix_path) check parameters
[0.370s] Level 1:colcon.colcon_core.package_discovery:discover_packages(prefix_path) discover
[0.373s] DEBUG:colcon.colcon_installed_package_information.package_discovery:Found 3 installed packages in /home/aa274/autonomy_ws/src/cs237a-labs/install
[0.373s] DEBUG:colcon.colcon_installed_package_information.package_discovery:Found 18 installed packages in /home/aa274/tb_ws/install
[0.375s] DEBUG:colcon.colcon_installed_package_information.package_discovery:Found 240 installed packages in /opt/ros/humble
[0.376s] Level 1:colcon.colcon_core.package_discovery:discover_packages(prefix_path) using defaults
[0.409s] Level 5:colcon.colcon_core.verb:set package 'autonomy_repo' build argument 'cmake_args' from command line to '['-DCMAKE_EXPORT_COMPILE_COMMANDS=ON', '-DCMAKE_BUILD_TYPE=RelWithDebInfo']'
[0.409s] Level 5:colcon.colcon_core.verb:set package 'autonomy_repo' build argument 'cmake_target' from command line to 'None'
[0.409s] Level 5:colcon.colcon_core.verb:set package 'autonomy_repo' build argument 'cmake_target_skip_unavailable' from command line to 'False'
[0.409s] Level 5:colcon.colcon_core.verb:set package 'autonomy_repo' build argument 'cmake_clean_cache' from command line to 'False'
[0.409s] Level 5:colcon.colcon_core.verb:set package 'autonomy_repo' build argument 'cmake_clean_first' from command line to 'False'
[0.409s] Level 5:colcon.colcon_core.verb:set package 'autonomy_repo' build argument 'cmake_force_configure' from command line to 'False'
[0.409s] Level 5:colcon.colcon_core.verb:set package 'autonomy_repo' build argument 'ament_cmake_args' from command line to 'None'
[0.409s] Level 5:colcon.colcon_core.verb:set package 'autonomy_repo' build argument 'catkin_cmake_args' from command line to 'None'
[0.409s] Level 5:colcon.colcon_core.verb:set package 'autonomy_repo' build argument 'catkin_skip_building_tests' from command line to 'False'
[0.409s] DEBUG:colcon.colcon_core.verb:Building package 'autonomy_repo' with the following arguments: {'ament_cmake_args': None, 'build_base': '/home/aa274/autonomy_ws/src/cs237a-labs/build/autonomy_repo', 'catkin_cmake_args': None, 'catkin_skip_building_tests': False, 'cmake_args': ['-DCMAKE_EXPORT_COMPILE_COMMANDS=ON', '-DCMAKE_BUILD_TYPE=RelWithDebInfo'], 'cmake_clean_cache': False, 'cmake_clean_first': False, 'cmake_force_configure': False, 'cmake_target': None, 'cmake_target_skip_unavailable': False, 'install_base': '/home/aa274/autonomy_ws/src/cs237a-labs/install/autonomy_repo', 'merge_install': False, 'path': '/home/aa274/autonomy_ws/src/cs237a-labs/autonomy_repo', 'symlink_install': True, 'test_result_base': None}
[0.410s] Level 5:colcon.colcon_core.verb:set package 's2_basic' build argument 'cmake_args' from command line to '['-DCMAKE_EXPORT_COMPILE_COMMANDS=ON', '-DCMAKE_BUILD_TYPE=RelWithDebInfo']'
[0.410s] Level 5:colcon.colcon_core.verb:set package 's2_basic' build argument 'cmake_target' from command line to 'None'
[0.410s] Level 5:colcon.colcon_core.verb:set package 's2_basic' build argument 'cmake_target_skip_unavailable' from command line to 'False'
[0.410s] Level 5:colcon.colcon_core.verb:set package 's2_basic' build argument 'cmake_clean_cache' from command line to 'False'
[0.410s] Level 5:colcon.colcon_core.verb:set package 's2_basic' build argument 'cmake_clean_first' from command line to 'False'
[0.410s] Level 5:colcon.colcon_core.verb:set package 's2_basic' build argument 'cmake_force_configure' from command line to 'False'
[0.410s] Level 5:colcon.colcon_core.verb:set package 's2_basic' build argument 'ament_cmake_args' from command line to 'None'
[0.410s] Level 5:colcon.colcon_core.verb:set package 's2_basic' build argument 'catkin_cmake_args' from command line to 'None'
[0.410s] Level 5:colcon.colcon_core.verb:set package 's2_basic' build argument 'catkin_skip_building_tests' from command line to 'False'
[0.410s] DEBUG:colcon.colcon_core.verb:Building package 's2_basic' with the following arguments: {'ament_cmake_args': None, 'build_base': '/home/aa274/autonomy_ws/src/cs237a-labs/build/s2_basic', 'catkin_cmake_args': None, 'catkin_skip_building_tests': False, 'cmake_args': ['-DCMAKE_EXPORT_COMPILE_COMMANDS=ON', '-DCMAKE_BUILD_TYPE=RelWithDebInfo'], 'cmake_clean_cache': False, 'cmake_clean_first': False, 'cmake_force_configure': False, 'cmake_target': None, 'cmake_target_skip_unavailable': False, 'install_base': '/home/aa274/autonomy_ws/src/cs237a-labs/install/s2_basic', 'merge_install': False, 'path': '/home/aa274/autonomy_ws/src/cs237a-labs/s2_basic', 'symlink_install': True, 'test_result_base': None}
[0.410s] Level 5:colcon.colcon_core.verb:set package 's3_basic' build argument 'cmake_args' from command line to '['-DCMAKE_EXPORT_COMPILE_COMMANDS=ON', '-DCMAKE_BUILD_TYPE=RelWithDebInfo']'
[0.410s] Level 5:colcon.colcon_core.verb:set package 's3_basic' build argument 'cmake_target' from command line to 'None'
[0.410s] Level 5:colcon.colcon_core.verb:set package 's3_basic' build argument 'cmake_target_skip_unavailable' from command line to 'False'
[0.410s] Level 5:colcon.colcon_core.verb:set package 's3_basic' build argument 'cmake_clean_cache' from command line to 'False'
[0.410s] Level 5:colcon.colcon_core.verb:set package 's3_basic' build argument 'cmake_clean_first' from command line to 'False'
[0.410s] Level 5:colcon.colcon_core.verb:set package 's3_basic' build argument 'cmake_force_configure' from command line to 'False'
[0.410s] Level 5:colcon.colcon_core.verb:set package 's3_basic' build argument 'ament_cmake_args' from command line to 'None'
[0.410s] Level 5:colcon.colcon_core.verb:set package 's3_basic' build argument 'catkin_cmake_args' from command line to 'None'
[0.410s] Level 5:colcon.colcon_core.verb:set package 's3_basic' build argument 'catkin_skip_building_tests' from command line to 'False'
[0.410s] DEBUG:colcon.colcon_core.verb:Building package 's3_basic' with the following arguments: {'ament_cmake_args': None, 'build_base': '/home/aa274/autonomy_ws/src/cs237a-labs/build/s3_basic', 'catkin_cmake_args': None, 'catkin_skip_building_tests': False, 'cmake_args': ['-DCMAKE_EXPORT_COMPILE_COMMANDS=ON', '-DCMAKE_BUILD_TYPE=RelWithDebInfo'], 'cmake_clean_cache': False, 'cmake_clean_first': False, 'cmake_force_configure': False, 'cmake_target': None, 'cmake_target_skip_unavailable': False, 'install_base': '/home/aa274/autonomy_ws/src/cs237a-labs/install/s3_basic', 'merge_install': False, 'path': '/home/aa274/autonomy_ws/src/cs237a-labs/s3_basic', 'symlink_install': True, 'test_result_base': None}
[0.411s] INFO:colcon.colcon_core.executor:Executing jobs using 'parallel' executor
[0.412s] DEBUG:colcon.colcon_parallel_executor.executor.parallel:run_until_complete
[0.412s] INFO:colcon.colcon_ros.task.ament_cmake.build:Building ROS package in '/home/aa274/autonomy_ws/src/cs237a-labs/autonomy_repo' with build type 'ament_cmake'
[0.412s] INFO:colcon.colcon_cmake.task.cmake.build:Building CMake package in '/home/aa274/autonomy_ws/src/cs237a-labs/autonomy_repo'
[0.414s] INFO:colcon.colcon_core.plugin_system:Skipping extension 'colcon_core.shell.bat': Not used on non-Windows systems
[0.415s] INFO:colcon.colcon_core.shell:Skip shell extension 'powershell' for command environment: Not usable outside of PowerShell
[0.415s] DEBUG:colcon.colcon_core.shell:Skip shell extension 'dsv' for command environment
[0.419s] INFO:colcon.colcon_ros.task.ament_cmake.build:Building ROS package in '/home/aa274/autonomy_ws/src/cs237a-labs/s2_basic' with build type 'ament_cmake'
[0.419s] INFO:colcon.colcon_cmake.task.cmake.build:Building CMake package in '/home/aa274/autonomy_ws/src/cs237a-labs/s2_basic'
[0.420s] INFO:colcon.colcon_core.shell:Skip shell extension 'powershell' for command environment: Not usable outside of PowerShell
[0.420s] DEBUG:colcon.colcon_core.shell:Skip shell extension 'dsv' for command environment
[0.427s] INFO:colcon.colcon_ros.task.ament_cmake.build:Building ROS package in '/home/aa274/autonomy_ws/src/cs237a-labs/s3_basic' with build type 'ament_cmake'
[0.427s] INFO:colcon.colcon_cmake.task.cmake.build:Building CMake package in '/home/aa274/autonomy_ws/src/cs237a-labs/s3_basic'
[0.428s] INFO:colcon.colcon_core.shell:Skip shell extension 'powershell' for command environment: Not usable outside of PowerShell
[0.429s] DEBUG:colcon.colcon_core.shell:Skip shell extension 'dsv' for command environment
[0.441s] DEBUG:colcon.colcon_core.event_handler.log_command:Invoking command in '/home/aa274/autonomy_ws/src/cs237a-labs/build/autonomy_repo': CMAKE_PREFIX_PATH=${CMAKE_PREFIX_PATH}:/opt/ros/humble /usr/bin/cmake --build /home/aa274/autonomy_ws/src/cs237a-labs/build/autonomy_repo -- -j8 -l8
[0.446s] DEBUG:colcon.colcon_core.event_handler.log_command:Invoking command in '/home/aa274/autonomy_ws/src/cs237a-labs/build/s2_basic': CMAKE_PREFIX_PATH=${CMAKE_PREFIX_PATH}:/opt/ros/humble /usr/bin/cmake --build /home/aa274/autonomy_ws/src/cs237a-labs/build/s2_basic -- -j8 -l8
[0.459s] DEBUG:colcon.colcon_core.event_handler.log_command:Invoking command in '/home/aa274/autonomy_ws/src/cs237a-labs/build/s3_basic': CMAKE_PREFIX_PATH=${CMAKE_PREFIX_PATH}:/opt/ros/humble /usr/bin/cmake --build /home/aa274/autonomy_ws/src/cs237a-labs/build/s3_basic -- -j8 -l8
[0.501s] DEBUG:colcon.colcon_core.event_handler.log_command:Invoked command in '/home/aa274/autonomy_ws/src/cs237a-labs/build/s2_basic' returned '0': CMAKE_PREFIX_PATH=${CMAKE_PREFIX_PATH}:/opt/ros/humble /usr/bin/cmake --build /home/aa274/autonomy_ws/src/cs237a-labs/build/s2_basic -- -j8 -l8
[0.503s] DEBUG:colcon.colcon_core.event_handler.log_command:Invoked command in '/home/aa274/autonomy_ws/src/cs237a-labs/build/s3_basic' returned '0': CMAKE_PREFIX_PATH=${CMAKE_PREFIX_PATH}:/opt/ros/humble /usr/bin/cmake --build /home/aa274/autonomy_ws/src/cs237a-labs/build/s3_basic -- -j8 -l8
[0.536s] DEBUG:colcon.colcon_core.event_handler.log_command:Invoking command in '/home/aa274/autonomy_ws/src/cs237a-labs/build/s2_basic': CMAKE_PREFIX_PATH=${CMAKE_PREFIX_PATH}:/opt/ros/humble /usr/bin/cmake --install /home/aa274/autonomy_ws/src/cs237a-labs/build/s2_basic
[0.539s] DEBUG:colcon.colcon_core.event_handler.log_command:Invoking command in '/home/aa274/autonomy_ws/src/cs237a-labs/build/s3_basic': CMAKE_PREFIX_PATH=${CMAKE_PREFIX_PATH}:/opt/ros/humble /usr/bin/cmake --install /home/aa274/autonomy_ws/src/cs237a-labs/build/s3_basic
[0.572s] Level 1:colcon.colcon_core.environment:create_environment_scripts_only(s2_basic)
[0.573s] DEBUG:colcon.colcon_core.event_handler.log_command:Invoked command in '/home/aa274/autonomy_ws/src/cs237a-labs/build/s2_basic' returned '0': CMAKE_PREFIX_PATH=${CMAKE_PREFIX_PATH}:/opt/ros/humble /usr/bin/cmake --install /home/aa274/autonomy_ws/src/cs237a-labs/build/s2_basic
[0.575s] Level 1:colcon.colcon_core.environment:checking '/home/aa274/autonomy_ws/src/cs237a-labs/install/s2_basic' for CMake module files
[0.576s] Level 1:colcon.colcon_core.environment:checking '/home/aa274/autonomy_ws/src/cs237a-labs/install/s2_basic' for CMake config files
[0.576s] Level 1:colcon.colcon_core.shell:create_environment_hook('s2_basic', 'cmake_prefix_path')
[0.577s] INFO:colcon.colcon_core.shell:Creating environment hook '/home/aa274/autonomy_ws/src/cs237a-labs/install/s2_basic/share/s2_basic/hook/cmake_prefix_path.ps1'
[0.578s] INFO:colcon.colcon_core.shell:Creating environment descriptor '/home/aa274/autonomy_ws/src/cs237a-labs/install/s2_basic/share/s2_basic/hook/cmake_prefix_path.dsv'
[0.579s] INFO:colcon.colcon_core.shell:Creating environment hook '/home/aa274/autonomy_ws/src/cs237a-labs/install/s2_basic/share/s2_basic/hook/cmake_prefix_path.sh'
[0.581s] Level 1:colcon.colcon_core.environment:checking '/home/aa274/autonomy_ws/src/cs237a-labs/install/s2_basic/lib'
[0.581s] Level 1:colcon.colcon_core.environment:checking '/home/aa274/autonomy_ws/src/cs237a-labs/install/s2_basic/bin'
[0.581s] Level 1:colcon.colcon_core.environment:checking '/home/aa274/autonomy_ws/src/cs237a-labs/install/s2_basic/lib/pkgconfig/s2_basic.pc'
[0.582s] Level 1:colcon.colcon_core.environment:checking '/home/aa274/autonomy_ws/src/cs237a-labs/install/s2_basic/lib/python3.10/site-packages'
[0.582s] Level 1:colcon.colcon_core.environment:checking '/home/aa274/autonomy_ws/src/cs237a-labs/install/s2_basic/bin'
[0.582s] INFO:colcon.colcon_core.shell:Creating package script '/home/aa274/autonomy_ws/src/cs237a-labs/install/s2_basic/share/s2_basic/package.ps1'
[0.584s] INFO:colcon.colcon_core.shell:Creating package descriptor '/home/aa274/autonomy_ws/src/cs237a-labs/install/s2_basic/share/s2_basic/package.dsv'
[0.584s] INFO:colcon.colcon_core.shell:Creating package script '/home/aa274/autonomy_ws/src/cs237a-labs/install/s2_basic/share/s2_basic/package.sh'
[0.585s] INFO:colcon.colcon_core.shell:Creating package script '/home/aa274/autonomy_ws/src/cs237a-labs/install/s2_basic/share/s2_basic/package.bash'
[0.586s] INFO:colcon.colcon_core.shell:Creating package script '/home/aa274/autonomy_ws/src/cs237a-labs/install/s2_basic/share/s2_basic/package.zsh'
[0.587s] Level 1:colcon.colcon_core.environment:create_file_with_runtime_dependencies(/home/aa274/autonomy_ws/src/cs237a-labs/install/s2_basic/share/colcon-core/packages/s2_basic)
[0.588s] Level 1:colcon.colcon_core.environment:create_environment_scripts_only(s3_basic)
[0.589s] Level 1:colcon.colcon_core.environment:checking '/home/aa274/autonomy_ws/src/cs237a-labs/install/s3_basic' for CMake module files
[0.589s] DEBUG:colcon.colcon_core.event_handler.log_command:Invoked command in '/home/aa274/autonomy_ws/src/cs237a-labs/build/s3_basic' returned '0': CMAKE_PREFIX_PATH=${CMAKE_PREFIX_PATH}:/opt/ros/humble /usr/bin/cmake --install /home/aa274/autonomy_ws/src/cs237a-labs/build/s3_basic
[0.590s] Level 1:colcon.colcon_core.environment:checking '/home/aa274/autonomy_ws/src/cs237a-labs/install/s3_basic' for CMake config files
[0.590s] Level 1:colcon.colcon_core.shell:create_environment_hook('s3_basic', 'cmake_prefix_path')
[0.590s] INFO:colcon.colcon_core.shell:Creating environment hook '/home/aa274/autonomy_ws/src/cs237a-labs/install/s3_basic/share/s3_basic/hook/cmake_prefix_path.ps1'
[0.591s] INFO:colcon.colcon_core.shell:Creating environment descriptor '/home/aa274/autonomy_ws/src/cs237a-labs/install/s3_basic/share/s3_basic/hook/cmake_prefix_path.dsv'
[0.591s] INFO:colcon.colcon_core.shell:Creating environment hook '/home/aa274/autonomy_ws/src/cs237a-labs/install/s3_basic/share/s3_basic/hook/cmake_prefix_path.sh'
[0.592s] Level 1:colcon.colcon_core.environment:checking '/home/aa274/autonomy_ws/src/cs237a-labs/install/s3_basic/lib'
[0.592s] Level 1:colcon.colcon_core.environment:checking '/home/aa274/autonomy_ws/src/cs237a-labs/install/s3_basic/bin'
[0.592s] Level 1:colcon.colcon_core.environment:checking '/home/aa274/autonomy_ws/src/cs237a-labs/install/s3_basic/lib/pkgconfig/s3_basic.pc'
[0.592s] Level 1:colcon.colcon_core.environment:checking '/home/aa274/autonomy_ws/src/cs237a-labs/install/s3_basic/lib/python3.10/site-packages'
[0.593s] Level 1:colcon.colcon_core.environment:checking '/home/aa274/autonomy_ws/src/cs237a-labs/install/s3_basic/bin'
[0.593s] INFO:colcon.colcon_core.shell:Creating package script '/home/aa274/autonomy_ws/src/cs237a-labs/install/s3_basic/share/s3_basic/package.ps1'
[0.594s] INFO:colcon.colcon_core.shell:Creating package descriptor '/home/aa274/autonomy_ws/src/cs237a-labs/install/s3_basic/share/s3_basic/package.dsv'
[0.594s] INFO:colcon.colcon_core.shell:Creating package script '/home/aa274/autonomy_ws/src/cs237a-labs/install/s3_basic/share/s3_basic/package.sh'
[0.595s] INFO:colcon.colcon_core.shell:Creating package script '/home/aa274/autonomy_ws/src/cs237a-labs/install/s3_basic/share/s3_basic/package.bash'
[0.596s] INFO:colcon.colcon_core.shell:Creating package script '/home/aa274/autonomy_ws/src/cs237a-labs/install/s3_basic/share/s3_basic/package.zsh'
[0.596s] Level 1:colcon.colcon_core.environment:create_file_with_runtime_dependencies(/home/aa274/autonomy_ws/src/cs237a-labs/install/s3_basic/share/colcon-core/packages/s3_basic)
[0.609s] Level 1:colcon.colcon_core.environment:create_environment_scripts_only(s2_basic)
[0.610s] Level 1:colcon.colcon_core.environment:checking '/home/aa274/autonomy_ws/src/cs237a-labs/install/s2_basic' for CMake module files
[0.610s] Level 1:colcon.colcon_core.environment:checking '/home/aa274/autonomy_ws/src/cs237a-labs/install/s2_basic' for CMake config files
[0.611s] Level 1:colcon.colcon_core.shell:create_environment_hook('s2_basic', 'cmake_prefix_path')
[0.611s] INFO:colcon.colcon_core.shell:Creating environment hook '/home/aa274/autonomy_ws/src/cs237a-labs/install/s2_basic/share/s2_basic/hook/cmake_prefix_path.ps1'
[0.612s] INFO:colcon.colcon_core.shell:Creating environment descriptor '/home/aa274/autonomy_ws/src/cs237a-labs/install/s2_basic/share/s2_basic/hook/cmake_prefix_path.dsv'
[0.612s] INFO:colcon.colcon_core.shell:Creating environment hook '/home/aa274/autonomy_ws/src/cs237a-labs/install/s2_basic/share/s2_basic/hook/cmake_prefix_path.sh'
[0.613s] Level 1:colcon.colcon_core.environment:checking '/home/aa274/autonomy_ws/src/cs237a-labs/install/s2_basic/lib'
[0.613s] Level 1:colcon.colcon_core.environment:checking '/home/aa274/autonomy_ws/src/cs237a-labs/install/s2_basic/bin'
[0.613s] Level 1:colcon.colcon_core.environment:checking '/home/aa274/autonomy_ws/src/cs237a-labs/install/s2_basic/lib/pkgconfig/s2_basic.pc'
[0.614s] Level 1:colcon.colcon_core.environment:checking '/home/aa274/autonomy_ws/src/cs237a-labs/install/s2_basic/lib/python3.10/site-packages'
[0.614s] Level 1:colcon.colcon_core.environment:checking '/home/aa274/autonomy_ws/src/cs237a-labs/install/s2_basic/bin'
[0.615s] INFO:colcon.colcon_core.shell:Creating package script '/home/aa274/autonomy_ws/src/cs237a-labs/install/s2_basic/share/s2_basic/package.ps1'
[0.615s] INFO:colcon.colcon_core.shell:Creating package descriptor '/home/aa274/autonomy_ws/src/cs237a-labs/install/s2_basic/share/s2_basic/package.dsv'
[0.616s] INFO:colcon.colcon_core.shell:Creating package script '/home/aa274/autonomy_ws/src/cs237a-labs/install/s2_basic/share/s2_basic/package.sh'
[0.617s] INFO:colcon.colcon_core.shell:Creating package script '/home/aa274/autonomy_ws/src/cs237a-labs/install/s2_basic/share/s2_basic/package.bash'
[0.617s] INFO:colcon.colcon_core.shell:Creating package script '/home/aa274/autonomy_ws/src/cs237a-labs/install/s2_basic/share/s2_basic/package.zsh'
[0.618s] Level 1:colcon.colcon_core.environment:create_file_with_runtime_dependencies(/home/aa274/autonomy_ws/src/cs237a-labs/install/s2_basic/share/colcon-core/packages/s2_basic)
[0.620s] Level 1:colcon.colcon_core.environment:create_environment_scripts_only(s3_basic)
[0.620s] Level 1:colcon.colcon_core.environment:checking '/home/aa274/autonomy_ws/src/cs237a-labs/install/s3_basic' for CMake module files
[0.621s] Level 1:colcon.colcon_core.environment:checking '/home/aa274/autonomy_ws/src/cs237a-labs/install/s3_basic' for CMake config files
[0.621s] Level 1:colcon.colcon_core.shell:create_environment_hook('s3_basic', 'cmake_prefix_path')
[0.621s] INFO:colcon.colcon_core.shell:Creating environment hook '/home/aa274/autonomy_ws/src/cs237a-labs/install/s3_basic/share/s3_basic/hook/cmake_prefix_path.ps1'
[0.621s] INFO:colcon.colcon_core.shell:Creating environment descriptor '/home/aa274/autonomy_ws/src/cs237a-labs/install/s3_basic/share/s3_basic/hook/cmake_prefix_path.dsv'
[0.622s] INFO:colcon.colcon_core.shell:Creating environment hook '/home/aa274/autonomy_ws/src/cs237a-labs/install/s3_basic/share/s3_basic/hook/cmake_prefix_path.sh'
[0.622s] Level 1:colcon.colcon_core.environment:checking '/home/aa274/autonomy_ws/src/cs237a-labs/install/s3_basic/lib'
[0.623s] Level 1:colcon.colcon_core.environment:checking '/home/aa274/autonomy_ws/src/cs237a-labs/install/s3_basic/bin'
[0.623s] Level 1:colcon.colcon_core.environment:checking '/home/aa274/autonomy_ws/src/cs237a-labs/install/s3_basic/lib/pkgconfig/s3_basic.pc'
[0.623s] Level 1:colcon.colcon_core.environment:checking '/home/aa274/autonomy_ws/src/cs237a-labs/install/s3_basic/lib/python3.10/site-packages'
[0.623s] Level 1:colcon.colcon_core.environment:checking '/home/aa274/autonomy_ws/src/cs237a-labs/install/s3_basic/bin'
[0.624s] INFO:colcon.colcon_core.shell:Creating package script '/home/aa274/autonomy_ws/src/cs237a-labs/install/s3_basic/share/s3_basic/package.ps1'
[0.624s] INFO:colcon.colcon_core.shell:Creating package descriptor '/home/aa274/autonomy_ws/src/cs237a-labs/install/s3_basic/share/s3_basic/package.dsv'
[0.625s] INFO:colcon.colcon_core.shell:Creating package script '/home/aa274/autonomy_ws/src/cs237a-labs/install/s3_basic/share/s3_basic/package.sh'
[0.625s] INFO:colcon.colcon_core.shell:Creating package script '/home/aa274/autonomy_ws/src/cs237a-labs/install/s3_basic/share/s3_basic/package.bash'
[0.626s] INFO:colcon.colcon_core.shell:Creating package script '/home/aa274/autonomy_ws/src/cs237a-labs/install/s3_basic/share/s3_basic/package.zsh'
[0.626s] Level 1:colcon.colcon_core.environment:create_file_with_runtime_dependencies(/home/aa274/autonomy_ws/src/cs237a-labs/install/s3_basic/share/colcon-core/packages/s3_basic)
[0.823s] DEBUG:colcon.colcon_core.event_handler.log_command:Invoked command in '/home/aa274/autonomy_ws/src/cs237a-labs/build/autonomy_repo' returned '0': CMAKE_PREFIX_PATH=${CMAKE_PREFIX_PATH}:/opt/ros/humble /usr/bin/cmake --build /home/aa274/autonomy_ws/src/cs237a-labs/build/autonomy_repo -- -j8 -l8
[0.850s] DEBUG:colcon.colcon_core.event_handler.log_command:Invoking command in '/home/aa274/autonomy_ws/src/cs237a-labs/build/autonomy_repo': CMAKE_PREFIX_PATH=${CMAKE_PREFIX_PATH}:/opt/ros/humble /usr/bin/cmake --install /home/aa274/autonomy_ws/src/cs237a-labs/build/autonomy_repo
[0.876s] Level 1:colcon.colcon_core.environment:create_environment_scripts_only(autonomy_repo)
[0.877s] Level 1:colcon.colcon_core.environment:checking '/home/aa274/autonomy_ws/src/cs237a-labs/install/autonomy_repo' for CMake module files
[0.877s] DEBUG:colcon.colcon_core.event_handler.log_command:Invoked command in '/home/aa274/autonomy_ws/src/cs237a-labs/build/autonomy_repo' returned '0': CMAKE_PREFIX_PATH=${CMAKE_PREFIX_PATH}:/opt/ros/humble /usr/bin/cmake --install /home/aa274/autonomy_ws/src/cs237a-labs/build/autonomy_repo
[0.878s] Level 1:colcon.colcon_core.environment:checking '/home/aa274/autonomy_ws/src/cs237a-labs/install/autonomy_repo' for CMake config files
[0.878s] Level 1:colcon.colcon_core.shell:create_environment_hook('autonomy_repo', 'cmake_prefix_path')
[0.878s] INFO:colcon.colcon_core.shell:Creating environment hook '/home/aa274/autonomy_ws/src/cs237a-labs/install/autonomy_repo/share/autonomy_repo/hook/cmake_prefix_path.ps1'
[0.879s] INFO:colcon.colcon_core.shell:Creating environment descriptor '/home/aa274/autonomy_ws/src/cs237a-labs/install/autonomy_repo/share/autonomy_repo/hook/cmake_prefix_path.dsv'
[0.879s] INFO:colcon.colcon_core.shell:Creating environment hook '/home/aa274/autonomy_ws/src/cs237a-labs/install/autonomy_repo/share/autonomy_repo/hook/cmake_prefix_path.sh'
[0.880s] Level 1:colcon.colcon_core.environment:checking '/home/aa274/autonomy_ws/src/cs237a-labs/install/autonomy_repo/lib'
[0.880s] Level 1:colcon.colcon_core.environment:checking '/home/aa274/autonomy_ws/src/cs237a-labs/install/autonomy_repo/bin'
[0.880s] Level 1:colcon.colcon_core.environment:checking '/home/aa274/autonomy_ws/src/cs237a-labs/install/autonomy_repo/lib/pkgconfig/autonomy_repo.pc'
[0.881s] Level 1:colcon.colcon_core.environment:checking '/home/aa274/autonomy_ws/src/cs237a-labs/install/autonomy_repo/lib/python3.10/site-packages'
[0.881s] Level 1:colcon.colcon_core.environment:checking '/home/aa274/autonomy_ws/src/cs237a-labs/install/autonomy_repo/bin'
[0.881s] INFO:colcon.colcon_core.shell:Creating package script '/home/aa274/autonomy_ws/src/cs237a-labs/install/autonomy_repo/share/autonomy_repo/package.ps1'
[0.882s] INFO:colcon.colcon_core.shell:Creating package descriptor '/home/aa274/autonomy_ws/src/cs237a-labs/install/autonomy_repo/share/autonomy_repo/package.dsv'
[0.882s] INFO:colcon.colcon_core.shell:Creating package script '/home/aa274/autonomy_ws/src/cs237a-labs/install/autonomy_repo/share/autonomy_repo/package.sh'
[0.883s] INFO:colcon.colcon_core.shell:Creating package script '/home/aa274/autonomy_ws/src/cs237a-labs/install/autonomy_repo/share/autonomy_repo/package.bash'
[0.883s] INFO:colcon.colcon_core.shell:Creating package script '/home/aa274/autonomy_ws/src/cs237a-labs/install/autonomy_repo/share/autonomy_repo/package.zsh'
[0.884s] Level 1:colcon.colcon_core.environment:create_file_with_runtime_dependencies(/home/aa274/autonomy_ws/src/cs237a-labs/install/autonomy_repo/share/colcon-core/packages/autonomy_repo)
[0.909s] Level 1:colcon.colcon_core.environment:create_environment_scripts_only(autonomy_repo)
[0.910s] Level 1:colcon.colcon_core.environment:checking '/home/aa274/autonomy_ws/src/cs237a-labs/install/autonomy_repo' for CMake module files
[0.910s] Level 1:colcon.colcon_core.environment:checking '/home/aa274/autonomy_ws/src/cs237a-labs/install/autonomy_repo' for CMake config files
[0.911s] Level 1:colcon.colcon_core.shell:create_environment_hook('autonomy_repo', 'cmake_prefix_path')
[0.911s] INFO:colcon.colcon_core.shell:Creating environment hook '/home/aa274/autonomy_ws/src/cs237a-labs/install/autonomy_repo/share/autonomy_repo/hook/cmake_prefix_path.ps1'
[0.912s] INFO:colcon.colcon_core.shell:Creating environment descriptor '/home/aa274/autonomy_ws/src/cs237a-labs/install/autonomy_repo/share/autonomy_repo/hook/cmake_prefix_path.dsv'
[0.912s] INFO:colcon.colcon_core.shell:Creating environment hook '/home/aa274/autonomy_ws/src/cs237a-labs/install/autonomy_repo/share/autonomy_repo/hook/cmake_prefix_path.sh'
[0.913s] Level 1:colcon.colcon_core.environment:checking '/home/aa274/autonomy_ws/src/cs237a-labs/install/autonomy_repo/lib'
[0.913s] Level 1:colcon.colcon_core.environment:checking '/home/aa274/autonomy_ws/src/cs237a-labs/install/autonomy_repo/bin'
[0.913s] Level 1:colcon.colcon_core.environment:checking '/home/aa274/autonomy_ws/src/cs237a-labs/install/autonomy_repo/lib/pkgconfig/autonomy_repo.pc'
[0.913s] Level 1:colcon.colcon_core.environment:checking '/home/aa274/autonomy_ws/src/cs237a-labs/install/autonomy_repo/lib/python3.10/site-packages'
[0.914s] Level 1:colcon.colcon_core.environment:checking '/home/aa274/autonomy_ws/src/cs237a-labs/install/autonomy_repo/bin'
[0.914s] INFO:colcon.colcon_core.shell:Creating package script '/home/aa274/autonomy_ws/src/cs237a-labs/install/autonomy_repo/share/autonomy_repo/package.ps1'
[0.915s] INFO:colcon.colcon_core.shell:Creating package descriptor '/home/aa274/autonomy_ws/src/cs237a-labs/install/autonomy_repo/share/autonomy_repo/package.dsv'
[0.915s] INFO:colcon.colcon_core.shell:Creating package script '/home/aa274/autonomy_ws/src/cs237a-labs/install/autonomy_repo/share/autonomy_repo/package.sh'
[0.916s] INFO:colcon.colcon_core.shell:Creating package script '/home/aa274/autonomy_ws/src/cs237a-labs/install/autonomy_repo/share/autonomy_repo/package.bash'
[0.916s] INFO:colcon.colcon_core.shell:Creating package script '/home/aa274/autonomy_ws/src/cs237a-labs/install/autonomy_repo/share/autonomy_repo/package.zsh'
[0.917s] Level 1:colcon.colcon_core.environment:create_file_with_runtime_dependencies(/home/aa274/autonomy_ws/src/cs237a-labs/install/autonomy_repo/share/colcon-core/packages/autonomy_repo)
[0.917s] DEBUG:colcon.colcon_parallel_executor.executor.parallel:closing loop
[0.918s] DEBUG:colcon.colcon_parallel_executor.executor.parallel:loop closed
[0.918s] DEBUG:colcon.colcon_parallel_executor.executor.parallel:run_until_complete finished with '0'
[0.918s] DEBUG:colcon.colcon_core.event_reactor:joining thread
[0.925s] INFO:colcon.colcon_core.plugin_system:Skipping extension 'colcon_notification.desktop_notification.terminal_notifier': Not used on non-Darwin systems
[0.926s] INFO:colcon.colcon_core.plugin_system:Skipping extension 'colcon_notification.desktop_notification.win32': Not used on non-Windows systems
[0.926s] INFO:colcon.colcon_notification.desktop_notification:Sending desktop notification using 'notify2'
[0.944s] DEBUG:colcon.colcon_core.event_reactor:joined thread
[0.945s] INFO:colcon.colcon_core.shell:Creating prefix script '/home/aa274/autonomy_ws/src/cs237a-labs/install/local_setup.ps1'
[0.946s] INFO:colcon.colcon_core.shell:Creating prefix util module '/home/aa274/autonomy_ws/src/cs237a-labs/install/_local_setup_util_ps1.py'
[0.948s] INFO:colcon.colcon_core.shell:Creating prefix chain script '/home/aa274/autonomy_ws/src/cs237a-labs/install/setup.ps1'
[0.953s] INFO:colcon.colcon_core.shell:Creating prefix script '/home/aa274/autonomy_ws/src/cs237a-labs/install/local_setup.sh'
[0.955s] INFO:colcon.colcon_core.shell:Creating prefix util module '/home/aa274/autonomy_ws/src/cs237a-labs/install/_local_setup_util_sh.py'
[0.956s] INFO:colcon.colcon_core.shell:Creating prefix chain script '/home/aa274/autonomy_ws/src/cs237a-labs/install/setup.sh'
[0.959s] INFO:colcon.colcon_core.shell:Creating prefix script '/home/aa274/autonomy_ws/src/cs237a-labs/install/local_setup.bash'
[0.960s] INFO:colcon.colcon_core.shell:Creating prefix chain script '/home/aa274/autonomy_ws/src/cs237a-labs/install/setup.bash'
[0.962s] INFO:colcon.colcon_core.shell:Creating prefix script '/home/aa274/autonomy_ws/src/cs237a-labs/install/local_setup.zsh'
[0.962s] INFO:colcon.colcon_core.shell:Creating prefix chain script '/home/aa274/autonomy_ws/src/cs237a-labs/install/setup.zsh'
